openIM/build/outputs/logs/manifest-merger-debug-report.txt
-- Merging decision tree log ---
manifest
ADDED from src\main\AndroidManifest.xml:2:1-112:12
	xmlns:android
		ADDED from src\main\AndroidManifest.xml:2:11-69
	package
		ADDED from src\main\AndroidManifest.xml:3:5-26
		INJECTED from src\main\AndroidManifest.xml
		INJECTED from src\main\AndroidManifest.xml
	android:versionName
		ADDED from src\main\AndroidManifest.xml:6:5-30
		INJECTED from src\main\AndroidManifest.xml
		INJECTED from src\main\AndroidManifest.xml
	android:versionCode
		ADDED from src\main\AndroidManifest.xml:5:5-28
		INJECTED from src\main\AndroidManifest.xml
		INJECTED from src\main\AndroidManifest.xml
	android:installLocation
		ADDED from src\main\AndroidManifest.xml:4:5-35
uses-sdk
ADDED from src\main\AndroidManifest.xml:8:5-10:41
MERGED from [OpenIM:emojicon:unspecified] AndroidManifest.xml:5:5-7:41
MERGED from [com.android.support:support-v4:20.0.0] AndroidManifest.xml:16:5-42
MERGED from [com.android.support:support-v4:20.0.0] AndroidManifest.xml:16:5-42
	android:targetSdkVersion
		ADDED from src\main\AndroidManifest.xml:10:9-38
		INJECTED from src\main\AndroidManifest.xml
		INJECTED from src\main\AndroidManifest.xml
	android:minSdkVersion
		ADDED from src\main\AndroidManifest.xml:9:9-35
		INJECTED from src\main\AndroidManifest.xml
		INJECTED from src\main\AndroidManifest.xml
uses-permission#android.permission.INTERNET
ADDED from src\main\AndroidManifest.xml:12:5-67
	android:name
		ADDED from src\main\AndroidManifest.xml:12:22-64
uses-permission#android.permission.SYSTEM_ALERT_WINDOW
ADDED from src\main\AndroidManifest.xml:13:5-78
	android:name
		ADDED from src\main\AndroidManifest.xml:13:22-75
uses-permission#android.permission.VIBRATE
ADDED from src\main\AndroidManifest.xml:14:5-66
	android:name
		ADDED from src\main\AndroidManifest.xml:14:22-63
uses-permission#android.permission.CAMERA
ADDED from src\main\AndroidManifest.xml:15:5-65
	android:name
		ADDED from src\main\AndroidManifest.xml:15:22-62
uses-permission#android.permission.WAKE_LOCK
ADDED from src\main\AndroidManifest.xml:16:5-68
	android:name
		ADDED from src\main\AndroidManifest.xml:16:22-65
uses-permission#android.permission.FLASHLIGHT
ADDED from src\main\AndroidManifest.xml:17:5-69
	android:name
		ADDED from src\main\AndroidManifest.xml:17:22-66
uses-permission#android.permission.WRITE_EXTERNAL_STORAGE
ADDED from src\main\AndroidManifest.xml:18:5-81
	android:name
		ADDED from src\main\AndroidManifest.xml:18:22-78
uses-permission#android.permission.RECORD_AUDIO
ADDED from src\main\AndroidManifest.xml:19:5-71
	android:name
		ADDED from src\main\AndroidManifest.xml:19:22-68
uses-permission#android.permission.GET_ACCOUNTS
ADDED from src\main\AndroidManifest.xml:22:5-71
	android:name
		ADDED from src\main\AndroidManifest.xml:22:22-68
uses-permission#android.permission.USE_CREDENTIALS
ADDED from src\main\AndroidManifest.xml:23:5-74
	android:name
		ADDED from src\main\AndroidManifest.xml:23:22-71
uses-permission#android.permission.MANAGE_ACCOUNTS
ADDED from src\main\AndroidManifest.xml:24:5-74
	android:name
		ADDED from src\main\AndroidManifest.xml:24:22-71
uses-permission#android.permission.AUTHENTICATE_ACCOUNTS
ADDED from src\main\AndroidManifest.xml:25:5-80
	android:name
		ADDED from src\main\AndroidManifest.xml:25:22-77
uses-permission#android.permission.ACCESS_NETWORK_STATE
ADDED from src\main\AndroidManifest.xml:26:5-79
	android:name
		ADDED from src\main\AndroidManifest.xml:26:22-76
uses-permission#com.android.launcher.permission.READ_SETTINGS
ADDED from src\main\AndroidManifest.xml:28:5-85
	android:name
		ADDED from src\main\AndroidManifest.xml:28:22-82
uses-permission#android.permission.CHANGE_WIFI_STATE
ADDED from src\main\AndroidManifest.xml:29:5-76
	android:name
		ADDED from src\main\AndroidManifest.xml:29:22-73
uses-permission#android.permission.ACCESS_WIFI_STATE
ADDED from src\main\AndroidManifest.xml:30:5-76
	android:name
		ADDED from src\main\AndroidManifest.xml:30:22-73
uses-permission#android.permission.READ_PHONE_STATE
ADDED from src\main\AndroidManifest.xml:31:5-75
	android:name
		ADDED from src\main\AndroidManifest.xml:31:22-72
uses-permission#android.permission.BROADCAST_STICKY
ADDED from src\main\AndroidManifest.xml:33:5-75
	android:name
		ADDED from src\main\AndroidManifest.xml:33:22-72
uses-permission#android.permission.WRITE_SETTINGS
ADDED from src\main\AndroidManifest.xml:34:5-73
	android:name
		ADDED from src\main\AndroidManifest.xml:34:22-70
uses-permission#android.permission.ACCESS_LOCATION_EXTRA_COMMANDS
ADDED from src\main\AndroidManifest.xml:35:5-89
	android:name
		ADDED from src\main\AndroidManifest.xml:35:22-86
application
ADDED from src\main\AndroidManifest.xml:37:5-110:19
MERGED from [OpenIM:emojicon:unspecified] AndroidManifest.xml:9:5-12:19
MERGED from [com.android.support:support-v4:20.0.0] AndroidManifest.xml:17:5-19
MERGED from [com.android.support:support-v4:20.0.0] AndroidManifest.xml:17:5-19
	android:label
		ADDED from src\main\AndroidManifest.xml:40:9-41
	android:allowBackup
		ADDED from src\main\AndroidManifest.xml:38:9-35
	android:icon
		ADDED from src\main\AndroidManifest.xml:39:9-43
	android:theme
		ADDED from src\main\AndroidManifest.xml:41:9-40
meta-data#com.baidu.lbsapi.API_KEY
ADDED from src\main\AndroidManifest.xml:44:9-46:56
	android:name
		ADDED from src\main\AndroidManifest.xml:45:13-52
	android:value
		ADDED from src\main\AndroidManifest.xml:46:13-53
service#com.baidu.location.f
ADDED from src\main\AndroidManifest.xml:48:9-51:41
	android:process
		ADDED from src\main\AndroidManifest.xml:51:13-38
	android:enabled
		ADDED from src\main\AndroidManifest.xml:50:13-35
	android:name
		ADDED from src\main\AndroidManifest.xml:49:13-48
activity#com.open.im.activity.SplashActivity
ADDED from src\main\AndroidManifest.xml:53:9-59:20
	android:name
		ADDED from src\main\AndroidManifest.xml:53:19-69
intent-filter#android.intent.action.MAIN+android.intent.category.LAUNCHER
ADDED from src\main\AndroidManifest.xml:54:13-58:29
action#android.intent.action.MAIN
ADDED from src\main\AndroidManifest.xml:55:17-69
	android:name
		ADDED from src\main\AndroidManifest.xml:55:25-66
category#android.intent.category.LAUNCHER
ADDED from src\main\AndroidManifest.xml:57:17-77
	android:name
		ADDED from src\main\AndroidManifest.xml:57:27-74
activity#com.open.im.activity.LoginActivity
ADDED from src\main\AndroidManifest.xml:60:9-63:20
	android:label
		ADDED from src\main\AndroidManifest.xml:62:13-45
	android:name
		ADDED from src\main\AndroidManifest.xml:61:13-62
activity#com.open.im.activity.RegisterActivity
ADDED from src\main\AndroidManifest.xml:64:9-65:20
	android:name
		ADDED from src\main\AndroidManifest.xml:64:19-71
activity#com.open.im.activity.RegisterSuccessActivity
ADDED from src\main\AndroidManifest.xml:66:9-67:20
	android:name
		ADDED from src\main\AndroidManifest.xml:66:19-78
activity#com.open.im.activity.MainActivity
ADDED from src\main\AndroidManifest.xml:68:9-74:20
	android:name
		ADDED from src\main\AndroidManifest.xml:68:19-67
intent-filter#android.intent.category.DEFAULT+com.open.openim.main
ADDED from src\main\AndroidManifest.xml:69:13-73:29
action#com.open.openim.main
ADDED from src\main\AndroidManifest.xml:70:17-63
	android:name
		ADDED from src\main\AndroidManifest.xml:70:25-60
category#android.intent.category.DEFAULT
ADDED from src\main\AndroidManifest.xml:72:17-76
	android:name
		ADDED from src\main\AndroidManifest.xml:72:27-73
activity#com.open.im.activity.AddFriendActivity
ADDED from src\main\AndroidManifest.xml:75:9-76:20
	android:name
		ADDED from src\main\AndroidManifest.xml:75:19-72
activity#com.open.im.activity.ShowFriendsActivity
ADDED from src\main\AndroidManifest.xml:77:9-78:20
	android:name
		ADDED from src\main\AndroidManifest.xml:77:19-74
activity#com.open.im.activity.ChatActivity
ADDED from src\main\AndroidManifest.xml:79:9-82:20
	android:windowSoftInputMode
		ADDED from src\main\AndroidManifest.xml:81:13-67
	android:name
		ADDED from src\main\AndroidManifest.xml:80:13-61
activity#com.open.im.activity.CreateRoomActivity
ADDED from src\main\AndroidManifest.xml:83:9-84:20
	android:name
		ADDED from src\main\AndroidManifest.xml:83:19-73
activity#com.open.im.activity.MultiChatActivity
ADDED from src\main\AndroidManifest.xml:85:9-88:20
	android:windowSoftInputMode
		ADDED from src\main\AndroidManifest.xml:87:13-55
	android:name
		ADDED from src\main\AndroidManifest.xml:86:13-66
activity#com.open.im.activity.SetVCardActivity
ADDED from src\main\AndroidManifest.xml:89:9-90:20
	android:name
		ADDED from src\main\AndroidManifest.xml:89:19-71
activity#com.open.im.activity.ZoneActivity
ADDED from src\main\AndroidManifest.xml:91:9-94:20
	android:windowSoftInputMode
		ADDED from src\main\AndroidManifest.xml:93:13-55
	android:name
		ADDED from src\main\AndroidManifest.xml:92:13-61
activity#com.open.im.activity.UserInfoActivity
ADDED from src\main\AndroidManifest.xml:95:9-96:20
	android:name
		ADDED from src\main\AndroidManifest.xml:95:19-71
activity#com.open.im.activity.UserInfoUpdateActivity
ADDED from src\main\AndroidManifest.xml:97:9-89
	android:name
		ADDED from src\main\AndroidManifest.xml:97:19-77
activity#com.open.im.activity.UserSexUpdateActivity
ADDED from src\main\AndroidManifest.xml:98:9-88
	android:name
		ADDED from src\main\AndroidManifest.xml:98:19-76
service#com.open.im.service.IMService
ADDED from src\main\AndroidManifest.xml:100:9-101:19
	android:name
		ADDED from src\main\AndroidManifest.xml:100:18-62
activity#com.open.im.activity.CameraActivity
ADDED from src\main\AndroidManifest.xml:103:9-106:20
	android:label
		ADDED from src\main\AndroidManifest.xml:105:13-58
	android:name
		ADDED from src\main\AndroidManifest.xml:104:13-63
activity#com.open.im.baidumap.BaiduMapActivity
ADDED from src\main\AndroidManifest.xml:108:9-109:20
	android:name
		ADDED from src\main\AndroidManifest.xml:108:19-71